<?xml version="1.0" encoding="UTF-8"?>
<robot generator="Robot 7.0 (Python 3.10.0 on darwin)" generated="2024-04-24T18:48:59.801142" rpa="false" schemaversion="5">
<suite id="s1" name="Testcase" source="/Users/aldoaugusto/AutomationProject/RobotFramework/testcase.robot">
<test id="s1-t1" name="Add to Cart" line="13">
<kw name="Buying an item and checking Cart" owner="steps">
<kw name="Open Browser" owner="SeleniumLibrary">
<msg time="2024-04-24T18:49:00.898921" level="INFO">Opening browser 'chrome' to base url 'https://www.saucedemo.com/'.</msg>
<arg>${url_saucedemo}</arg>
<arg>chrome</arg>
<doc>Opens a new browser instance to the optional ``url``.</doc>
<status status="PASS" start="2024-04-24T18:49:00.898200" elapsed="5.906987"/>
</kw>
<kw name="Sleep" owner="BuiltIn">
<msg time="2024-04-24T18:49:10.823013" level="INFO">Slept 4 seconds.</msg>
<arg>4s</arg>
<doc>Pauses the test executed for the given time.</doc>
<status status="PASS" start="2024-04-24T18:49:06.814093" elapsed="4.012357"/>
</kw>
<kw name="Maximize Browser Window" owner="SeleniumLibrary">
<doc>Maximizes current browser window.</doc>
<status status="PASS" start="2024-04-24T18:49:10.827036" elapsed="0.366674"/>
</kw>
<kw name="Input Text" owner="SeleniumLibrary">
<msg time="2024-04-24T18:49:11.196149" level="INFO">Typing text 'standard_user' into text field 'id=user-name'.</msg>
<arg>${userName}</arg>
<arg>standard_user</arg>
<doc>Types the given ``text`` into the text field identified by ``locator``.</doc>
<status status="PASS" start="2024-04-24T18:49:11.194868" elapsed="0.574551"/>
</kw>
<kw name="Sleep" owner="BuiltIn">
<msg time="2024-04-24T18:49:15.772725" level="INFO">Slept 4 seconds.</msg>
<arg>4s</arg>
<doc>Pauses the test executed for the given time.</doc>
<status status="PASS" start="2024-04-24T18:49:11.769887" elapsed="4.005607"/>
</kw>
<kw name="Input Text" owner="SeleniumLibrary">
<msg time="2024-04-24T18:49:15.780447" level="INFO">Typing text 'secret_sauce' into text field 'id=password'.</msg>
<arg>${pw}</arg>
<arg>secret_sauce</arg>
<doc>Types the given ``text`` into the text field identified by ``locator``.</doc>
<status status="PASS" start="2024-04-24T18:49:15.778579" elapsed="0.286310"/>
</kw>
<kw name="Sleep" owner="BuiltIn">
<msg time="2024-04-24T18:49:20.069006" level="INFO">Slept 4 seconds.</msg>
<arg>4s</arg>
<doc>Pauses the test executed for the given time.</doc>
<status status="PASS" start="2024-04-24T18:49:16.065801" elapsed="4.004621"/>
</kw>
<kw name="Click Button" owner="SeleniumLibrary">
<msg time="2024-04-24T18:49:20.072791" level="INFO">Clicking button 'id=login-button'.</msg>
<arg>${loginButton}</arg>
<doc>Clicks the button identified by ``locator``.</doc>
<status status="PASS" start="2024-04-24T18:49:20.070829" elapsed="0.459897"/>
</kw>
<kw name="Sleep" owner="BuiltIn">
<msg time="2024-04-24T18:49:24.532302" level="INFO">Slept 4 seconds.</msg>
<arg>4s</arg>
<doc>Pauses the test executed for the given time.</doc>
<status status="PASS" start="2024-04-24T18:49:20.531632" elapsed="4.001059"/>
</kw>
<kw name="Execute Javascript" owner="SeleniumLibrary">
<msg time="2024-04-24T18:49:24.534656" level="INFO">Executing JavaScript:
window.scrollTo(0,document.body.scrollHeight)
Without any arguments.</msg>
<arg>window.scrollTo(0,document.body.scrollHeight)</arg>
<doc>Executes the given JavaScript code with possible arguments.</doc>
<status status="PASS" start="2024-04-24T18:49:24.533161" elapsed="0.023490"/>
</kw>
<kw name="Execute Javascript" owner="SeleniumLibrary">
<msg time="2024-04-24T18:49:24.558156" level="INFO">Executing JavaScript:
window.scrollTo(document.body.scrollHeight,0)
Without any arguments.</msg>
<arg>window.scrollTo(document.body.scrollHeight,0)</arg>
<doc>Executes the given JavaScript code with possible arguments.</doc>
<status status="PASS" start="2024-04-24T18:49:24.557148" elapsed="0.030058"/>
</kw>
<kw name="Click Button" owner="SeleniumLibrary">
<msg time="2024-04-24T18:49:24.589779" level="INFO">Clicking button 'id=add-to-cart-sauce-labs-onesie'.</msg>
<arg>${saucelabsonesie}</arg>
<doc>Clicks the button identified by ``locator``.</doc>
<status status="PASS" start="2024-04-24T18:49:24.587914" elapsed="0.164350"/>
</kw>
<kw name="Sleep" owner="BuiltIn">
<msg time="2024-04-24T18:49:28.756710" level="INFO">Slept 4 seconds.</msg>
<arg>4s</arg>
<doc>Pauses the test executed for the given time.</doc>
<status status="PASS" start="2024-04-24T18:49:24.754526" elapsed="4.003397"/>
</kw>
<kw name="Click Button" owner="SeleniumLibrary">
<msg time="2024-04-24T18:49:28.763204" level="INFO">Clicking button 'id=add-to-cart-sauce-labs-bike-light'.</msg>
<arg>${saucelabsbikelight}</arg>
<doc>Clicks the button identified by ``locator``.</doc>
<status status="PASS" start="2024-04-24T18:49:28.762426" elapsed="0.130859"/>
</kw>
<kw name="Sleep" owner="BuiltIn">
<msg time="2024-04-24T18:49:32.895568" level="INFO">Slept 4 seconds.</msg>
<arg>4s</arg>
<doc>Pauses the test executed for the given time.</doc>
<status status="PASS" start="2024-04-24T18:49:28.893851" elapsed="4.002150"/>
</kw>
<kw name="Click Element" owner="SeleniumLibrary">
<msg time="2024-04-24T18:49:32.896863" level="INFO">Clicking element 'class=shopping_cart_link'.</msg>
<arg>${doCheckout}</arg>
<doc>Click the element identified by ``locator``.</doc>
<status status="PASS" start="2024-04-24T18:49:32.896348" elapsed="0.144010"/>
</kw>
<kw name="Sleep" owner="BuiltIn">
<msg time="2024-04-24T18:49:37.041796" level="INFO">Slept 4 seconds.</msg>
<arg>4s</arg>
<doc>Pauses the test executed for the given time.</doc>
<status status="PASS" start="2024-04-24T18:49:33.040986" elapsed="4.001340"/>
</kw>
<kw name="Click Element" owner="SeleniumLibrary">
<msg time="2024-04-24T18:49:37.043692" level="INFO">Clicking element 'remove-sauce-labs-bike-light'.</msg>
<arg>${removeSaucelabsbikeLight}</arg>
<doc>Click the element identified by ``locator``.</doc>
<status status="PASS" start="2024-04-24T18:49:37.042896" elapsed="0.092340"/>
</kw>
<kw name="Sleep" owner="BuiltIn">
<msg time="2024-04-24T18:49:42.137146" level="INFO">Slept 5 seconds.</msg>
<arg>5s</arg>
<doc>Pauses the test executed for the given time.</doc>
<status status="PASS" start="2024-04-24T18:49:37.136339" elapsed="5.001474"/>
</kw>
<kw name="Click Button" owner="SeleniumLibrary">
<msg time="2024-04-24T18:49:42.139082" level="INFO">Clicking button 'id=continue-shopping'.</msg>
<arg>${contShopping}</arg>
<doc>Clicks the button identified by ``locator``.</doc>
<status status="PASS" start="2024-04-24T18:49:42.138351" elapsed="0.231475"/>
</kw>
<kw name="Sleep" owner="BuiltIn">
<msg time="2024-04-24T18:49:47.371659" level="INFO">Slept 5 seconds.</msg>
<arg>5s</arg>
<doc>Pauses the test executed for the given time.</doc>
<status status="PASS" start="2024-04-24T18:49:42.370512" elapsed="5.001918"/>
</kw>
<kw name="Click Button" owner="SeleniumLibrary">
<msg time="2024-04-24T18:49:47.374142" level="INFO">Clicking button 'id=add-to-cart-test.allthethings()-t-shirt-(red)'.</msg>
<arg>${allTheThings}</arg>
<doc>Clicks the button identified by ``locator``.</doc>
<status status="PASS" start="2024-04-24T18:49:47.373367" elapsed="0.146638"/>
</kw>
<kw name="Sleep" owner="BuiltIn">
<msg time="2024-04-24T18:49:52.526901" level="INFO">Slept 5 seconds.</msg>
<arg>5s</arg>
<doc>Pauses the test executed for the given time.</doc>
<status status="PASS" start="2024-04-24T18:49:47.525838" elapsed="5.001509"/>
</kw>
<kw name="Click Element" owner="SeleniumLibrary">
<msg time="2024-04-24T18:49:52.528227" level="INFO">Clicking element 'class=shopping_cart_link'.</msg>
<arg>${doCheckout}</arg>
<doc>Click the element identified by ``locator``.</doc>
<status status="PASS" start="2024-04-24T18:49:52.527726" elapsed="0.113080"/>
</kw>
<kw name="Sleep" owner="BuiltIn">
<msg time="2024-04-24T18:49:56.642964" level="INFO">Slept 4 seconds.</msg>
<arg>4s</arg>
<doc>Pauses the test executed for the given time.</doc>
<status status="PASS" start="2024-04-24T18:49:52.641407" elapsed="4.002358"/>
</kw>
<kw name="Click Button" owner="SeleniumLibrary">
<msg time="2024-04-24T18:49:56.645488" level="INFO">Clicking button 'id=checkout'.</msg>
<arg>${filltheForm}</arg>
<doc>Clicks the button identified by ``locator``.</doc>
<status status="PASS" start="2024-04-24T18:49:56.644448" elapsed="0.137252"/>
</kw>
<kw name="Sleep" owner="BuiltIn">
<msg time="2024-04-24T18:50:01.787075" level="INFO">Slept 5 seconds.</msg>
<arg>5s</arg>
<doc>Pauses the test executed for the given time.</doc>
<status status="PASS" start="2024-04-24T18:49:56.784772" elapsed="5.003049"/>
</kw>
<status status="PASS" start="2024-04-24T18:49:00.895284" elapsed="60.893329"/>
</kw>
<status status="PASS" start="2024-04-24T18:49:00.893407" elapsed="60.897117"/>
</test>
<status status="PASS" start="2024-04-24T18:48:59.813953" elapsed="61.981700"/>
</suite>
<statistics>
<total>
<stat pass="1" fail="0" skip="0">All Tests</stat>
</total>
<tag>
</tag>
<suite>
<stat pass="1" fail="0" skip="0" id="s1" name="Testcase">Testcase</stat>
</suite>
</statistics>
<errors>
</errors>
</robot>
